<?xml version="1.0" encoding="UTF-8"?>
<!-- Generated by org.testng.reporters.JUnitXMLReporter -->
<testsuite hostname="DESKTOP-970JHL7" ignored="0" name="Edge Test" tests="4" failures="0" timestamp="18 Nov 2022 00:11:40 GMT" time="0.103" errors="0">
  <testcase name="runScenario" time="0.017" classname="io.cucumber.testng.AbstractTestNGCucumberTests"/>
  <testcase name="runScenario" time="0.011" classname="io.cucumber.testng.AbstractTestNGCucumberTests"/>
  <testcase name="runScenario" time="0.01" classname="io.cucumber.testng.AbstractTestNGCucumberTests"/>
  <testcase name="runScenario" time="0.014" classname="io.cucumber.testng.AbstractTestNGCucumberTests"/>
</testsuite> <!-- Edge Test -->
